#! /c/Source/iverilog-install/bin/vvp
:ivl_version "12.0 (devel)" "(s20150603-1539-g2693dd32b)";
:ivl_delay_selection "TYPICAL";
:vpi_time_precision + 0;
:vpi_module "D:\iverilog\lib\ivl\system.vpi";
:vpi_module "D:\iverilog\lib\ivl\vhdl_sys.vpi";
:vpi_module "D:\iverilog\lib\ivl\vhdl_textio.vpi";
:vpi_module "D:\iverilog\lib\ivl\v2005_math.vpi";
:vpi_module "D:\iverilog\lib\ivl\va_math.vpi";
S_0000014c75143480 .scope module, "sys_array_tb" "sys_array_tb" 2 4;
 .timescale 0 0;
P_0000014c75153ad0 .param/l "DATA_BIT" 0 2 7, +C4<00000000000000000000000000001000>;
v0000014c751b2b40_0 .var "clk", 0 0;
v0000014c751b2dc0_0 .net "done", 0 0, v0000014c751ad230_0;  1 drivers
v0000014c751b2e60_0 .var "input_north0", 7 0;
v0000014c751b6370_0 .var "input_north1", 7 0;
v0000014c751b6050_0 .var "input_north2", 7 0;
v0000014c751b6410_0 .var "input_north3", 7 0;
v0000014c751b5fb0_0 .var "input_west0", 7 0;
v0000014c751b53d0_0 .var "input_west12", 7 0;
v0000014c751b5830_0 .var "input_west4", 7 0;
v0000014c751b5790_0 .var "input_west8", 7 0;
v0000014c751b51f0_0 .var "rst", 0 0;
v0000014c751b5510_0 .net "w_result0", 15 0, v0000014c7514b7f0_0;  1 drivers
v0000014c751b65f0_0 .net "w_result1", 15 0, v0000014c7514ac10_0;  1 drivers
v0000014c751b5470_0 .net "w_result10", 15 0, v0000014c7514b9d0_0;  1 drivers
v0000014c751b5290_0 .net "w_result11", 15 0, v0000014c751a90d0_0;  1 drivers
v0000014c751b55b0_0 .net "w_result12", 15 0, v0000014c751a81d0_0;  1 drivers
v0000014c751b67d0_0 .net "w_result13", 15 0, v0000014c751a86d0_0;  1 drivers
v0000014c751b64b0_0 .net "w_result14", 15 0, v0000014c751a9a30_0;  1 drivers
v0000014c751b62d0_0 .net "w_result15", 15 0, v0000014c751a9490_0;  1 drivers
v0000014c751b60f0_0 .net "w_result2", 15 0, v0000014c751a7ff0_0;  1 drivers
v0000014c751b6190_0 .net "w_result3", 15 0, v0000014c751a8b30_0;  1 drivers
v0000014c751b5650_0 .net "w_result4", 15 0, v0000014c751ad690_0;  1 drivers
v0000014c751b6730_0 .net "w_result5", 15 0, v0000014c751ac790_0;  1 drivers
v0000014c751b5d30_0 .net "w_result6", 15 0, v0000014c751ad0f0_0;  1 drivers
v0000014c751b6230_0 .net "w_result7", 15 0, v0000014c751ae450_0;  1 drivers
v0000014c751b4f70_0 .net "w_result8", 15 0, v0000014c751ac6f0_0;  1 drivers
v0000014c751b6a50_0 .net "w_result9", 15 0, v0000014c751adc30_0;  1 drivers
S_0000014c75143610 .scope module, "uut" "systolic_array" 2 23, 3 4 0, S_0000014c75143480;
 .timescale 0 0;
    .port_info 0 /INPUT 8 "input_west0";
    .port_info 1 /INPUT 8 "input_west4";
    .port_info 2 /INPUT 8 "input_west8";
    .port_info 3 /INPUT 8 "input_west12";
    .port_info 4 /INPUT 8 "input_north0";
    .port_info 5 /INPUT 8 "input_north1";
    .port_info 6 /INPUT 8 "input_north2";
    .port_info 7 /INPUT 8 "input_north3";
    .port_info 8 /INPUT 1 "clk";
    .port_info 9 /INPUT 1 "rst";
    .port_info 10 /OUTPUT 1 "done";
    .port_info 11 /OUTPUT 16 "result0";
    .port_info 12 /OUTPUT 16 "result1";
    .port_info 13 /OUTPUT 16 "result2";
    .port_info 14 /OUTPUT 16 "result3";
    .port_info 15 /OUTPUT 16 "result4";
    .port_info 16 /OUTPUT 16 "result5";
    .port_info 17 /OUTPUT 16 "result6";
    .port_info 18 /OUTPUT 16 "result7";
    .port_info 19 /OUTPUT 16 "result8";
    .port_info 20 /OUTPUT 16 "result9";
    .port_info 21 /OUTPUT 16 "result10";
    .port_info 22 /OUTPUT 16 "result11";
    .port_info 23 /OUTPUT 16 "result12";
    .port_info 24 /OUTPUT 16 "result13";
    .port_info 25 /OUTPUT 16 "result14";
    .port_info 26 /OUTPUT 16 "result15";
P_0000014c751530d0 .param/l "DATA_BIT" 0 3 6, +C4<00000000000000000000000000001000>;
v0000014c751ad910_0 .net "clk", 0 0, v0000014c751b2b40_0;  1 drivers
v0000014c751ae1d0_0 .var "count", 3 0;
v0000014c751ad230_0 .var "done", 0 0;
v0000014c751acbf0_0 .net "input_north0", 7 0, v0000014c751b2e60_0;  1 drivers
v0000014c751adcd0_0 .net "input_north1", 7 0, v0000014c751b6370_0;  1 drivers
v0000014c751add70_0 .net "input_north2", 7 0, v0000014c751b6050_0;  1 drivers
v0000014c751ade10_0 .net "input_north3", 7 0, v0000014c751b6410_0;  1 drivers
v0000014c751acd30_0 .net "input_west0", 7 0, v0000014c751b5fb0_0;  1 drivers
v0000014c751adeb0_0 .net "input_west12", 7 0, v0000014c751b53d0_0;  1 drivers
v0000014c751adf50_0 .net "input_west4", 7 0, v0000014c751b5830_0;  1 drivers
v0000014c751acc90_0 .net "input_west8", 7 0, v0000014c751b5790_0;  1 drivers
v0000014c751ae090_0 .net "output_east0", 7 0, v0000014c7514af30_0;  1 drivers
v0000014c751ae130_0 .net "output_east1", 7 0, v0000014c7514b750_0;  1 drivers
v0000014c751b2be0_0 .net "output_east10", 7 0, v0000014c7514b570_0;  1 drivers
v0000014c751b4120_0 .net "output_east11", 7 0, v0000014c7514ae90_0;  1 drivers
v0000014c751b3540_0 .net "output_east12", 7 0, v0000014c751a9030_0;  1 drivers
v0000014c751b3400_0 .net "output_east13", 7 0, v0000014c751a92b0_0;  1 drivers
v0000014c751b3e00_0 .net "output_east14", 7 0, v0000014c751a8310_0;  1 drivers
v0000014c751b2f00_0 .net "output_east15", 7 0, v0000014c751a9670_0;  1 drivers
v0000014c751b3720_0 .net "output_east2", 7 0, v0000014c751a8590_0;  1 drivers
v0000014c751b34a0_0 .net "output_east3", 7 0, v0000014c751a8a90_0;  1 drivers
v0000014c751b2780_0 .net "output_east4", 7 0, v0000014c751a98f0_0;  1 drivers
v0000014c751b37c0_0 .net "output_east5", 7 0, v0000014c751aca10_0;  1 drivers
v0000014c751b3180_0 .net "output_east6", 7 0, v0000014c751ae270_0;  1 drivers
v0000014c751b3ea0_0 .net "output_east7", 7 0, v0000014c751ae4f0_0;  1 drivers
v0000014c751b3220_0 .net "output_east8", 7 0, v0000014c751ada50_0;  1 drivers
v0000014c751b2c80_0 .net "output_east9", 7 0, v0000014c751acf10_0;  1 drivers
v0000014c751b35e0_0 .net "output_south0", 7 0, v0000014c7514afd0_0;  1 drivers
v0000014c751b3360_0 .net "output_south1", 7 0, v0000014c7514b390_0;  1 drivers
v0000014c751b2a00_0 .net "output_south10", 7 0, v0000014c7514b6b0_0;  1 drivers
v0000014c751b32c0_0 .net "output_south11", 7 0, v0000014c751a9850_0;  1 drivers
v0000014c751b41c0_0 .net "output_south12", 7 0, v0000014c751a7e10_0;  1 drivers
v0000014c751b4440_0 .net "output_south13", 7 0, v0000014c751a8630_0;  1 drivers
v0000014c751b44e0_0 .net "output_south14", 7 0, v0000014c751a95d0_0;  1 drivers
v0000014c751b2820_0 .net "output_south15", 7 0, v0000014c751a8db0_0;  1 drivers
v0000014c751b3f40_0 .net "output_south2", 7 0, v0000014c751a8770_0;  1 drivers
v0000014c751b2fa0_0 .net "output_south3", 7 0, v0000014c751a7d70_0;  1 drivers
v0000014c751b3040_0 .net "output_south4", 7 0, v0000014c751a9ad0_0;  1 drivers
v0000014c751b30e0_0 .net "output_south5", 7 0, v0000014c751ad050_0;  1 drivers
v0000014c751b3b80_0 .net "output_south6", 7 0, v0000014c751ad4b0_0;  1 drivers
v0000014c751b3860_0 .net "output_south7", 7 0, v0000014c751ad9b0_0;  1 drivers
v0000014c751b3680_0 .net "output_south8", 7 0, v0000014c751ad7d0_0;  1 drivers
v0000014c751b2d20_0 .net "output_south9", 7 0, v0000014c751acb50_0;  1 drivers
v0000014c751b3a40_0 .net "result0", 15 0, v0000014c7514b7f0_0;  alias, 1 drivers
v0000014c751b3900_0 .net "result1", 15 0, v0000014c7514ac10_0;  alias, 1 drivers
v0000014c751b39a0_0 .net "result10", 15 0, v0000014c7514b9d0_0;  alias, 1 drivers
v0000014c751b4260_0 .net "result11", 15 0, v0000014c751a90d0_0;  alias, 1 drivers
v0000014c751b3ae0_0 .net "result12", 15 0, v0000014c751a81d0_0;  alias, 1 drivers
v0000014c751b3fe0_0 .net "result13", 15 0, v0000014c751a86d0_0;  alias, 1 drivers
v0000014c751b4080_0 .net "result14", 15 0, v0000014c751a9a30_0;  alias, 1 drivers
v0000014c751b4300_0 .net "result15", 15 0, v0000014c751a9490_0;  alias, 1 drivers
v0000014c751b3c20_0 .net "result2", 15 0, v0000014c751a7ff0_0;  alias, 1 drivers
v0000014c751b3cc0_0 .net "result3", 15 0, v0000014c751a8b30_0;  alias, 1 drivers
v0000014c751b2960_0 .net "result4", 15 0, v0000014c751ad690_0;  alias, 1 drivers
v0000014c751b3d60_0 .net "result5", 15 0, v0000014c751ac790_0;  alias, 1 drivers
v0000014c751b43a0_0 .net "result6", 15 0, v0000014c751ad0f0_0;  alias, 1 drivers
v0000014c751b28c0_0 .net "result7", 15 0, v0000014c751ae450_0;  alias, 1 drivers
v0000014c751b4580_0 .net "result8", 15 0, v0000014c751ac6f0_0;  alias, 1 drivers
v0000014c751b4620_0 .net "result9", 15 0, v0000014c751adc30_0;  alias, 1 drivers
v0000014c751b2aa0_0 .net "rst", 0 0, v0000014c751b51f0_0;  1 drivers
S_0000014c7504db10 .scope module, "P0" "pe" 3 47, 4 1 0, S_0000014c75143610;
 .timescale 0 0;
    .port_info 0 /INPUT 1 "clk";
    .port_info 1 /INPUT 1 "rst";
    .port_info 2 /INPUT 8 "input_north";
    .port_info 3 /INPUT 8 "input_west";
    .port_info 4 /OUTPUT 8 "output_south";
    .port_info 5 /OUTPUT 8 "output_east";
    .port_info 6 /OUTPUT 16 "result";
P_0000014c75153910 .param/l "DATA_BIT" 0 4 3, +C4<00000000000000000000000000001000>;
v0000014c7514b110_0 .net "clk", 0 0, v0000014c751b2b40_0;  alias, 1 drivers
v0000014c7514ab70_0 .net "input_north", 7 0, v0000014c751b2e60_0;  alias, 1 drivers
v0000014c7514b250_0 .net "input_west", 7 0, v0000014c751b5fb0_0;  alias, 1 drivers
v0000014c7514af30_0 .var "output_east", 7 0;
v0000014c7514afd0_0 .var "output_south", 7 0;
v0000014c7514b7f0_0 .var "result", 15 0;
v0000014c7514b2f0_0 .net "rst", 0 0, v0000014c751b51f0_0;  alias, 1 drivers
E_0000014c75152e90 .event posedge, v0000014c7514b2f0_0, v0000014c7514b110_0;
S_0000014c7504dca0 .scope module, "P1" "pe" 3 49, 4 1 0, S_0000014c75143610;
 .timescale 0 0;
    .port_info 0 /INPUT 1 "clk";
    .port_info 1 /INPUT 1 "rst";
    .port_info 2 /INPUT 8 "input_north";
    .port_info 3 /INPUT 8 "input_west";
    .port_info 4 /OUTPUT 8 "output_south";
    .port_info 5 /OUTPUT 8 "output_east";
    .port_info 6 /OUTPUT 16 "result";
P_0000014c75153550 .param/l "DATA_BIT" 0 4 3, +C4<00000000000000000000000000001000>;
v0000014c7514b890_0 .net "clk", 0 0, v0000014c751b2b40_0;  alias, 1 drivers
v0000014c7514b430_0 .net "input_north", 7 0, v0000014c751b6370_0;  alias, 1 drivers
v0000014c7514b610_0 .net "input_west", 7 0, v0000014c7514af30_0;  alias, 1 drivers
v0000014c7514b750_0 .var "output_east", 7 0;
v0000014c7514b390_0 .var "output_south", 7 0;
v0000014c7514ac10_0 .var "result", 15 0;
v0000014c7514b070_0 .net "rst", 0 0, v0000014c751b51f0_0;  alias, 1 drivers
S_0000014c75046950 .scope module, "P10" "pe" 3 64, 4 1 0, S_0000014c75143610;
 .timescale 0 0;
    .port_info 0 /INPUT 1 "clk";
    .port_info 1 /INPUT 1 "rst";
    .port_info 2 /INPUT 8 "input_north";
    .port_info 3 /INPUT 8 "input_west";
    .port_info 4 /OUTPUT 8 "output_south";
    .port_info 5 /OUTPUT 8 "output_east";
    .port_info 6 /OUTPUT 16 "result";
P_0000014c751534d0 .param/l "DATA_BIT" 0 4 3, +C4<00000000000000000000000000001000>;
v0000014c7514b930_0 .net "clk", 0 0, v0000014c751b2b40_0;  alias, 1 drivers
v0000014c7514b1b0_0 .net "input_north", 7 0, v0000014c751ad4b0_0;  alias, 1 drivers
v0000014c7514b4d0_0 .net "input_west", 7 0, v0000014c751acf10_0;  alias, 1 drivers
v0000014c7514b570_0 .var "output_east", 7 0;
v0000014c7514b6b0_0 .var "output_south", 7 0;
v0000014c7514b9d0_0 .var "result", 15 0;
v0000014c7514ba70_0 .net "rst", 0 0, v0000014c751b51f0_0;  alias, 1 drivers
S_0000014c75046ae0 .scope module, "P11" "pe" 3 65, 4 1 0, S_0000014c75143610;
 .timescale 0 0;
    .port_info 0 /INPUT 1 "clk";
    .port_info 1 /INPUT 1 "rst";
    .port_info 2 /INPUT 8 "input_north";
    .port_info 3 /INPUT 8 "input_west";
    .port_info 4 /OUTPUT 8 "output_south";
    .port_info 5 /OUTPUT 8 "output_east";
    .port_info 6 /OUTPUT 16 "result";
P_0000014c751531d0 .param/l "DATA_BIT" 0 4 3, +C4<00000000000000000000000000001000>;
v0000014c7514acb0_0 .net "clk", 0 0, v0000014c751b2b40_0;  alias, 1 drivers
v0000014c7514ad50_0 .net "input_north", 7 0, v0000014c751ad9b0_0;  alias, 1 drivers
v0000014c7514adf0_0 .net "input_west", 7 0, v0000014c7514b570_0;  alias, 1 drivers
v0000014c7514ae90_0 .var "output_east", 7 0;
v0000014c751a9850_0 .var "output_south", 7 0;
v0000014c751a90d0_0 .var "result", 15 0;
v0000014c751a7eb0_0 .net "rst", 0 0, v0000014c751b51f0_0;  alias, 1 drivers
S_0000014c75046c70 .scope module, "P12" "pe" 3 55, 4 1 0, S_0000014c75143610;
 .timescale 0 0;
    .port_info 0 /INPUT 1 "clk";
    .port_info 1 /INPUT 1 "rst";
    .port_info 2 /INPUT 8 "input_north";
    .port_info 3 /INPUT 8 "input_west";
    .port_info 4 /OUTPUT 8 "output_south";
    .port_info 5 /OUTPUT 8 "output_east";
    .port_info 6 /OUTPUT 16 "result";
P_0000014c751539d0 .param/l "DATA_BIT" 0 4 3, +C4<00000000000000000000000000001000>;
v0000014c751a9210_0 .net "clk", 0 0, v0000014c751b2b40_0;  alias, 1 drivers
v0000014c751a9350_0 .net "input_north", 7 0, v0000014c751ad7d0_0;  alias, 1 drivers
v0000014c751a8130_0 .net "input_west", 7 0, v0000014c751b53d0_0;  alias, 1 drivers
v0000014c751a9030_0 .var "output_east", 7 0;
v0000014c751a7e10_0 .var "output_south", 7 0;
v0000014c751a81d0_0 .var "result", 15 0;
v0000014c751a9c10_0 .net "rst", 0 0, v0000014c751b51f0_0;  alias, 1 drivers
S_0000014c751a9d30 .scope module, "P13" "pe" 3 67, 4 1 0, S_0000014c75143610;
 .timescale 0 0;
    .port_info 0 /INPUT 1 "clk";
    .port_info 1 /INPUT 1 "rst";
    .port_info 2 /INPUT 8 "input_north";
    .port_info 3 /INPUT 8 "input_west";
    .port_info 4 /OUTPUT 8 "output_south";
    .port_info 5 /OUTPUT 8 "output_east";
    .port_info 6 /OUTPUT 16 "result";
P_0000014c75153410 .param/l "DATA_BIT" 0 4 3, +C4<00000000000000000000000000001000>;
v0000014c751a7f50_0 .net "clk", 0 0, v0000014c751b2b40_0;  alias, 1 drivers
v0000014c751a8270_0 .net "input_north", 7 0, v0000014c751acb50_0;  alias, 1 drivers
v0000014c751a8c70_0 .net "input_west", 7 0, v0000014c751a9030_0;  alias, 1 drivers
v0000014c751a92b0_0 .var "output_east", 7 0;
v0000014c751a8630_0 .var "output_south", 7 0;
v0000014c751a86d0_0 .var "result", 15 0;
v0000014c751a9530_0 .net "rst", 0 0, v0000014c751b51f0_0;  alias, 1 drivers
S_0000014c751abed0 .scope module, "P14" "pe" 3 68, 4 1 0, S_0000014c75143610;
 .timescale 0 0;
    .port_info 0 /INPUT 1 "clk";
    .port_info 1 /INPUT 1 "rst";
    .port_info 2 /INPUT 8 "input_north";
    .port_info 3 /INPUT 8 "input_west";
    .port_info 4 /OUTPUT 8 "output_south";
    .port_info 5 /OUTPUT 8 "output_east";
    .port_info 6 /OUTPUT 16 "result";
P_0000014c751535d0 .param/l "DATA_BIT" 0 4 3, +C4<00000000000000000000000000001000>;
v0000014c751a93f0_0 .net "clk", 0 0, v0000014c751b2b40_0;  alias, 1 drivers
v0000014c751a8d10_0 .net "input_north", 7 0, v0000014c7514b6b0_0;  alias, 1 drivers
v0000014c751a9b70_0 .net "input_west", 7 0, v0000014c751a92b0_0;  alias, 1 drivers
v0000014c751a8310_0 .var "output_east", 7 0;
v0000014c751a95d0_0 .var "output_south", 7 0;
v0000014c751a9a30_0 .var "result", 15 0;
v0000014c751a9990_0 .net "rst", 0 0, v0000014c751b51f0_0;  alias, 1 drivers
S_0000014c751ac060 .scope module, "P15" "pe" 3 69, 4 1 0, S_0000014c75143610;
 .timescale 0 0;
    .port_info 0 /INPUT 1 "clk";
    .port_info 1 /INPUT 1 "rst";
    .port_info 2 /INPUT 8 "input_north";
    .port_info 3 /INPUT 8 "input_west";
    .port_info 4 /OUTPUT 8 "output_south";
    .port_info 5 /OUTPUT 8 "output_east";
    .port_info 6 /OUTPUT 16 "result";
P_0000014c75153650 .param/l "DATA_BIT" 0 4 3, +C4<00000000000000000000000000001000>;
v0000014c751a83b0_0 .net "clk", 0 0, v0000014c751b2b40_0;  alias, 1 drivers
v0000014c751a88b0_0 .net "input_north", 7 0, v0000014c751a9850_0;  alias, 1 drivers
v0000014c751a8450_0 .net "input_west", 7 0, v0000014c751a8310_0;  alias, 1 drivers
v0000014c751a9670_0 .var "output_east", 7 0;
v0000014c751a8db0_0 .var "output_south", 7 0;
v0000014c751a9490_0 .var "result", 15 0;
v0000014c751a9710_0 .net "rst", 0 0, v0000014c751b51f0_0;  alias, 1 drivers
S_0000014c751ac1f0 .scope module, "P2" "pe" 3 50, 4 1 0, S_0000014c75143610;
 .timescale 0 0;
    .port_info 0 /INPUT 1 "clk";
    .port_info 1 /INPUT 1 "rst";
    .port_info 2 /INPUT 8 "input_north";
    .port_info 3 /INPUT 8 "input_west";
    .port_info 4 /OUTPUT 8 "output_south";
    .port_info 5 /OUTPUT 8 "output_east";
    .port_info 6 /OUTPUT 16 "result";
P_0000014c751536d0 .param/l "DATA_BIT" 0 4 3, +C4<00000000000000000000000000001000>;
v0000014c751a89f0_0 .net "clk", 0 0, v0000014c751b2b40_0;  alias, 1 drivers
v0000014c751a84f0_0 .net "input_north", 7 0, v0000014c751b6050_0;  alias, 1 drivers
v0000014c751a8810_0 .net "input_west", 7 0, v0000014c7514b750_0;  alias, 1 drivers
v0000014c751a8590_0 .var "output_east", 7 0;
v0000014c751a8770_0 .var "output_south", 7 0;
v0000014c751a7ff0_0 .var "result", 15 0;
v0000014c751a8950_0 .net "rst", 0 0, v0000014c751b51f0_0;  alias, 1 drivers
S_0000014c751ac380 .scope module, "P3" "pe" 3 51, 4 1 0, S_0000014c75143610;
 .timescale 0 0;
    .port_info 0 /INPUT 1 "clk";
    .port_info 1 /INPUT 1 "rst";
    .port_info 2 /INPUT 8 "input_north";
    .port_info 3 /INPUT 8 "input_west";
    .port_info 4 /OUTPUT 8 "output_south";
    .port_info 5 /OUTPUT 8 "output_east";
    .port_info 6 /OUTPUT 16 "result";
P_0000014c75153710 .param/l "DATA_BIT" 0 4 3, +C4<00000000000000000000000000001000>;
v0000014c751a8e50_0 .net "clk", 0 0, v0000014c751b2b40_0;  alias, 1 drivers
v0000014c751a97b0_0 .net "input_north", 7 0, v0000014c751b6410_0;  alias, 1 drivers
v0000014c751a8090_0 .net "input_west", 7 0, v0000014c751a8590_0;  alias, 1 drivers
v0000014c751a8a90_0 .var "output_east", 7 0;
v0000014c751a7d70_0 .var "output_south", 7 0;
v0000014c751a8b30_0 .var "result", 15 0;
v0000014c751a8bd0_0 .net "rst", 0 0, v0000014c751b51f0_0;  alias, 1 drivers
S_0000014c751ac510 .scope module, "P4" "pe" 3 53, 4 1 0, S_0000014c75143610;
 .timescale 0 0;
    .port_info 0 /INPUT 1 "clk";
    .port_info 1 /INPUT 1 "rst";
    .port_info 2 /INPUT 8 "input_north";
    .port_info 3 /INPUT 8 "input_west";
    .port_info 4 /OUTPUT 8 "output_south";
    .port_info 5 /OUTPUT 8 "output_east";
    .port_info 6 /OUTPUT 16 "result";
P_0000014c75152ed0 .param/l "DATA_BIT" 0 4 3, +C4<00000000000000000000000000001000>;
v0000014c751a8ef0_0 .net "clk", 0 0, v0000014c751b2b40_0;  alias, 1 drivers
v0000014c751a8f90_0 .net "input_north", 7 0, v0000014c7514afd0_0;  alias, 1 drivers
v0000014c751a9170_0 .net "input_west", 7 0, v0000014c751b5830_0;  alias, 1 drivers
v0000014c751a98f0_0 .var "output_east", 7 0;
v0000014c751a9ad0_0 .var "output_south", 7 0;
v0000014c751ad690_0 .var "result", 15 0;
v0000014c751ad370_0 .net "rst", 0 0, v0000014c751b51f0_0;  alias, 1 drivers
S_0000014c751ae6b0 .scope module, "P5" "pe" 3 59, 4 1 0, S_0000014c75143610;
 .timescale 0 0;
    .port_info 0 /INPUT 1 "clk";
    .port_info 1 /INPUT 1 "rst";
    .port_info 2 /INPUT 8 "input_north";
    .port_info 3 /INPUT 8 "input_west";
    .port_info 4 /OUTPUT 8 "output_south";
    .port_info 5 /OUTPUT 8 "output_east";
    .port_info 6 /OUTPUT 16 "result";
P_0000014c75153a10 .param/l "DATA_BIT" 0 4 3, +C4<00000000000000000000000000001000>;
v0000014c751ac970_0 .net "clk", 0 0, v0000014c751b2b40_0;  alias, 1 drivers
v0000014c751ac8d0_0 .net "input_north", 7 0, v0000014c7514b390_0;  alias, 1 drivers
v0000014c751ae310_0 .net "input_west", 7 0, v0000014c751a98f0_0;  alias, 1 drivers
v0000014c751aca10_0 .var "output_east", 7 0;
v0000014c751ad050_0 .var "output_south", 7 0;
v0000014c751ac790_0 .var "result", 15 0;
v0000014c751ac830_0 .net "rst", 0 0, v0000014c751b51f0_0;  alias, 1 drivers
S_0000014c751b1060 .scope module, "P6" "pe" 3 60, 4 1 0, S_0000014c75143610;
 .timescale 0 0;
    .port_info 0 /INPUT 1 "clk";
    .port_info 1 /INPUT 1 "rst";
    .port_info 2 /INPUT 8 "input_north";
    .port_info 3 /INPUT 8 "input_west";
    .port_info 4 /OUTPUT 8 "output_south";
    .port_info 5 /OUTPUT 8 "output_east";
    .port_info 6 /OUTPUT 16 "result";
P_0000014c751537d0 .param/l "DATA_BIT" 0 4 3, +C4<00000000000000000000000000001000>;
v0000014c751ace70_0 .net "clk", 0 0, v0000014c751b2b40_0;  alias, 1 drivers
v0000014c751ad730_0 .net "input_north", 7 0, v0000014c751a8770_0;  alias, 1 drivers
v0000014c751ad550_0 .net "input_west", 7 0, v0000014c751aca10_0;  alias, 1 drivers
v0000014c751ae270_0 .var "output_east", 7 0;
v0000014c751ad4b0_0 .var "output_south", 7 0;
v0000014c751ad0f0_0 .var "result", 15 0;
v0000014c751ae3b0_0 .net "rst", 0 0, v0000014c751b51f0_0;  alias, 1 drivers
S_0000014c751b11f0 .scope module, "P7" "pe" 3 61, 4 1 0, S_0000014c75143610;
 .timescale 0 0;
    .port_info 0 /INPUT 1 "clk";
    .port_info 1 /INPUT 1 "rst";
    .port_info 2 /INPUT 8 "input_north";
    .port_info 3 /INPUT 8 "input_west";
    .port_info 4 /OUTPUT 8 "output_south";
    .port_info 5 /OUTPUT 8 "output_east";
    .port_info 6 /OUTPUT 16 "result";
P_0000014c75153b50 .param/l "DATA_BIT" 0 4 3, +C4<00000000000000000000000000001000>;
v0000014c751acdd0_0 .net "clk", 0 0, v0000014c751b2b40_0;  alias, 1 drivers
v0000014c751ad5f0_0 .net "input_north", 7 0, v0000014c751a7d70_0;  alias, 1 drivers
v0000014c751acfb0_0 .net "input_west", 7 0, v0000014c751ae270_0;  alias, 1 drivers
v0000014c751ae4f0_0 .var "output_east", 7 0;
v0000014c751ad9b0_0 .var "output_south", 7 0;
v0000014c751ae450_0 .var "result", 15 0;
v0000014c751ad410_0 .net "rst", 0 0, v0000014c751b51f0_0;  alias, 1 drivers
S_0000014c751b1380 .scope module, "P8" "pe" 3 54, 4 1 0, S_0000014c75143610;
 .timescale 0 0;
    .port_info 0 /INPUT 1 "clk";
    .port_info 1 /INPUT 1 "rst";
    .port_info 2 /INPUT 8 "input_north";
    .port_info 3 /INPUT 8 "input_west";
    .port_info 4 /OUTPUT 8 "output_south";
    .port_info 5 /OUTPUT 8 "output_east";
    .port_info 6 /OUTPUT 16 "result";
P_0000014c75152d90 .param/l "DATA_BIT" 0 4 3, +C4<00000000000000000000000000001000>;
v0000014c751acab0_0 .net "clk", 0 0, v0000014c751b2b40_0;  alias, 1 drivers
v0000014c751adaf0_0 .net "input_north", 7 0, v0000014c751a9ad0_0;  alias, 1 drivers
v0000014c751adb90_0 .net "input_west", 7 0, v0000014c751b5790_0;  alias, 1 drivers
v0000014c751ada50_0 .var "output_east", 7 0;
v0000014c751ad7d0_0 .var "output_south", 7 0;
v0000014c751ac6f0_0 .var "result", 15 0;
v0000014c751adff0_0 .net "rst", 0 0, v0000014c751b51f0_0;  alias, 1 drivers
S_0000014c751b1880 .scope module, "P9" "pe" 3 63, 4 1 0, S_0000014c75143610;
 .timescale 0 0;
    .port_info 0 /INPUT 1 "clk";
    .port_info 1 /INPUT 1 "rst";
    .port_info 2 /INPUT 8 "input_north";
    .port_info 3 /INPUT 8 "input_west";
    .port_info 4 /OUTPUT 8 "output_south";
    .port_info 5 /OUTPUT 8 "output_east";
    .port_info 6 /OUTPUT 16 "result";
P_0000014c75153b90 .param/l "DATA_BIT" 0 4 3, +C4<00000000000000000000000000001000>;
v0000014c751ad2d0_0 .net "clk", 0 0, v0000014c751b2b40_0;  alias, 1 drivers
v0000014c751ad190_0 .net "input_north", 7 0, v0000014c751ad050_0;  alias, 1 drivers
v0000014c751ae590_0 .net "input_west", 7 0, v0000014c751ada50_0;  alias, 1 drivers
v0000014c751acf10_0 .var "output_east", 7 0;
v0000014c751acb50_0 .var "output_south", 7 0;
v0000014c751adc30_0 .var "result", 15 0;
v0000014c751ad870_0 .net "rst", 0 0, v0000014c751b51f0_0;  alias, 1 drivers
    .scope S_0000014c7504db10;
T_0 ;
    %wait E_0000014c75152e90;
    %load/vec4 v0000014c7514b2f0_0;
    %flag_set/vec4 8;
    %jmp/0xz  T_0.0, 8;
    %pushi/vec4 0, 0, 16;
    %assign/vec4 v0000014c7514b7f0_0, 0;
    %pushi/vec4 0, 0, 8;
    %assign/vec4 v0000014c7514af30_0, 0;
    %pushi/vec4 0, 0, 8;
    %assign/vec4 v0000014c7514afd0_0, 0;
    %jmp T_0.1;
T_0.0 ;
    %load/vec4 v0000014c7514ab70_0;
    %pad/u 16;
    %load/vec4 v0000014c7514b250_0;
    %pad/u 16;
    %mul;
    %load/vec4 v0000014c7514b7f0_0;
    %add;
    %assign/vec4 v0000014c7514b7f0_0, 0;
    %load/vec4 v0000014c7514b250_0;
    %assign/vec4 v0000014c7514af30_0, 0;
    %load/vec4 v0000014c7514ab70_0;
    %assign/vec4 v0000014c7514afd0_0, 0;
T_0.1 ;
    %jmp T_0;
    .thread T_0;
    .scope S_0000014c7504dca0;
T_1 ;
    %wait E_0000014c75152e90;
    %load/vec4 v0000014c7514b070_0;
    %flag_set/vec4 8;
    %jmp/0xz  T_1.0, 8;
    %pushi/vec4 0, 0, 16;
    %assign/vec4 v0000014c7514ac10_0, 0;
    %pushi/vec4 0, 0, 8;
    %assign/vec4 v0000014c7514b750_0, 0;
    %pushi/vec4 0, 0, 8;
    %assign/vec4 v0000014c7514b390_0, 0;
    %jmp T_1.1;
T_1.0 ;
    %load/vec4 v0000014c7514b430_0;
    %pad/u 16;
    %load/vec4 v0000014c7514b610_0;
    %pad/u 16;
    %mul;
    %load/vec4 v0000014c7514ac10_0;
    %add;
    %assign/vec4 v0000014c7514ac10_0, 0;
    %load/vec4 v0000014c7514b610_0;
    %assign/vec4 v0000014c7514b750_0, 0;
    %load/vec4 v0000014c7514b430_0;
    %assign/vec4 v0000014c7514b390_0, 0;
T_1.1 ;
    %jmp T_1;
    .thread T_1;
    .scope S_0000014c751ac1f0;
T_2 ;
    %wait E_0000014c75152e90;
    %load/vec4 v0000014c751a8950_0;
    %flag_set/vec4 8;
    %jmp/0xz  T_2.0, 8;
    %pushi/vec4 0, 0, 16;
    %assign/vec4 v0000014c751a7ff0_0, 0;
    %pushi/vec4 0, 0, 8;
    %assign/vec4 v0000014c751a8590_0, 0;
    %pushi/vec4 0, 0, 8;
    %assign/vec4 v0000014c751a8770_0, 0;
    %jmp T_2.1;
T_2.0 ;
    %load/vec4 v0000014c751a84f0_0;
    %pad/u 16;
    %load/vec4 v0000014c751a8810_0;
    %pad/u 16;
    %mul;
    %load/vec4 v0000014c751a7ff0_0;
    %add;
    %assign/vec4 v0000014c751a7ff0_0, 0;
    %load/vec4 v0000014c751a8810_0;
    %assign/vec4 v0000014c751a8590_0, 0;
    %load/vec4 v0000014c751a84f0_0;
    %assign/vec4 v0000014c751a8770_0, 0;
T_2.1 ;
    %jmp T_2;
    .thread T_2;
    .scope S_0000014c751ac380;
T_3 ;
    %wait E_0000014c75152e90;
    %load/vec4 v0000014c751a8bd0_0;
    %flag_set/vec4 8;
    %jmp/0xz  T_3.0, 8;
    %pushi/vec4 0, 0, 16;
    %assign/vec4 v0000014c751a8b30_0, 0;
    %pushi/vec4 0, 0, 8;
    %assign/vec4 v0000014c751a8a90_0, 0;
    %pushi/vec4 0, 0, 8;
    %assign/vec4 v0000014c751a7d70_0, 0;
    %jmp T_3.1;
T_3.0 ;
    %load/vec4 v0000014c751a97b0_0;
    %pad/u 16;
    %load/vec4 v0000014c751a8090_0;
    %pad/u 16;
    %mul;
    %load/vec4 v0000014c751a8b30_0;
    %add;
    %assign/vec4 v0000014c751a8b30_0, 0;
    %load/vec4 v0000014c751a8090_0;
    %assign/vec4 v0000014c751a8a90_0, 0;
    %load/vec4 v0000014c751a97b0_0;
    %assign/vec4 v0000014c751a7d70_0, 0;
T_3.1 ;
    %jmp T_3;
    .thread T_3;
    .scope S_0000014c751ac510;
T_4 ;
    %wait E_0000014c75152e90;
    %load/vec4 v0000014c751ad370_0;
    %flag_set/vec4 8;
    %jmp/0xz  T_4.0, 8;
    %pushi/vec4 0, 0, 16;
    %assign/vec4 v0000014c751ad690_0, 0;
    %pushi/vec4 0, 0, 8;
    %assign/vec4 v0000014c751a98f0_0, 0;
    %pushi/vec4 0, 0, 8;
    %assign/vec4 v0000014c751a9ad0_0, 0;
    %jmp T_4.1;
T_4.0 ;
    %load/vec4 v0000014c751a8f90_0;
    %pad/u 16;
    %load/vec4 v0000014c751a9170_0;
    %pad/u 16;
    %mul;
    %load/vec4 v0000014c751ad690_0;
    %add;
    %assign/vec4 v0000014c751ad690_0, 0;
    %load/vec4 v0000014c751a9170_0;
    %assign/vec4 v0000014c751a98f0_0, 0;
    %load/vec4 v0000014c751a8f90_0;
    %assign/vec4 v0000014c751a9ad0_0, 0;
T_4.1 ;
    %jmp T_4;
    .thread T_4;
    .scope S_0000014c751b1380;
T_5 ;
    %wait E_0000014c75152e90;
    %load/vec4 v0000014c751adff0_0;
    %flag_set/vec4 8;
    %jmp/0xz  T_5.0, 8;
    %pushi/vec4 0, 0, 16;
    %assign/vec4 v0000014c751ac6f0_0, 0;
    %pushi/vec4 0, 0, 8;
    %assign/vec4 v0000014c751ada50_0, 0;
    %pushi/vec4 0, 0, 8;
    %assign/vec4 v0000014c751ad7d0_0, 0;
    %jmp T_5.1;
T_5.0 ;
    %load/vec4 v0000014c751adaf0_0;
    %pad/u 16;
    %load/vec4 v0000014c751adb90_0;
    %pad/u 16;
    %mul;
    %load/vec4 v0000014c751ac6f0_0;
    %add;
    %assign/vec4 v0000014c751ac6f0_0, 0;
    %load/vec4 v0000014c751adb90_0;
    %assign/vec4 v0000014c751ada50_0, 0;
    %load/vec4 v0000014c751adaf0_0;
    %assign/vec4 v0000014c751ad7d0_0, 0;
T_5.1 ;
    %jmp T_5;
    .thread T_5;
    .scope S_0000014c75046c70;
T_6 ;
    %wait E_0000014c75152e90;
    %load/vec4 v0000014c751a9c10_0;
    %flag_set/vec4 8;
    %jmp/0xz  T_6.0, 8;
    %pushi/vec4 0, 0, 16;
    %assign/vec4 v0000014c751a81d0_0, 0;
    %pushi/vec4 0, 0, 8;
    %assign/vec4 v0000014c751a9030_0, 0;
    %pushi/vec4 0, 0, 8;
    %assign/vec4 v0000014c751a7e10_0, 0;
    %jmp T_6.1;
T_6.0 ;
    %load/vec4 v0000014c751a9350_0;
    %pad/u 16;
    %load/vec4 v0000014c751a8130_0;
    %pad/u 16;
    %mul;
    %load/vec4 v0000014c751a81d0_0;
    %add;
    %assign/vec4 v0000014c751a81d0_0, 0;
    %load/vec4 v0000014c751a8130_0;
    %assign/vec4 v0000014c751a9030_0, 0;
    %load/vec4 v0000014c751a9350_0;
    %assign/vec4 v0000014c751a7e10_0, 0;
T_6.1 ;
    %jmp T_6;
    .thread T_6;
    .scope S_0000014c751ae6b0;
T_7 ;
    %wait E_0000014c75152e90;
    %load/vec4 v0000014c751ac830_0;
    %flag_set/vec4 8;
    %jmp/0xz  T_7.0, 8;
    %pushi/vec4 0, 0, 16;
    %assign/vec4 v0000014c751ac790_0, 0;
    %pushi/vec4 0, 0, 8;
    %assign/vec4 v0000014c751aca10_0, 0;
    %pushi/vec4 0, 0, 8;
    %assign/vec4 v0000014c751ad050_0, 0;
    %jmp T_7.1;
T_7.0 ;
    %load/vec4 v0000014c751ac8d0_0;
    %pad/u 16;
    %load/vec4 v0000014c751ae310_0;
    %pad/u 16;
    %mul;
    %load/vec4 v0000014c751ac790_0;
    %add;
    %assign/vec4 v0000014c751ac790_0, 0;
    %load/vec4 v0000014c751ae310_0;
    %assign/vec4 v0000014c751aca10_0, 0;
    %load/vec4 v0000014c751ac8d0_0;
    %assign/vec4 v0000014c751ad050_0, 0;
T_7.1 ;
    %jmp T_7;
    .thread T_7;
    .scope S_0000014c751b1060;
T_8 ;
    %wait E_0000014c75152e90;
    %load/vec4 v0000014c751ae3b0_0;
    %flag_set/vec4 8;
    %jmp/0xz  T_8.0, 8;
    %pushi/vec4 0, 0, 16;
    %assign/vec4 v0000014c751ad0f0_0, 0;
    %pushi/vec4 0, 0, 8;
    %assign/vec4 v0000014c751ae270_0, 0;
    %pushi/vec4 0, 0, 8;
    %assign/vec4 v0000014c751ad4b0_0, 0;
    %jmp T_8.1;
T_8.0 ;
    %load/vec4 v0000014c751ad730_0;
    %pad/u 16;
    %load/vec4 v0000014c751ad550_0;
    %pad/u 16;
    %mul;
    %load/vec4 v0000014c751ad0f0_0;
    %add;
    %assign/vec4 v0000014c751ad0f0_0, 0;
    %load/vec4 v0000014c751ad550_0;
    %assign/vec4 v0000014c751ae270_0, 0;
    %load/vec4 v0000014c751ad730_0;
    %assign/vec4 v0000014c751ad4b0_0, 0;
T_8.1 ;
    %jmp T_8;
    .thread T_8;
    .scope S_0000014c751b11f0;
T_9 ;
    %wait E_0000014c75152e90;
    %load/vec4 v0000014c751ad410_0;
    %flag_set/vec4 8;
    %jmp/0xz  T_9.0, 8;
    %pushi/vec4 0, 0, 16;
    %assign/vec4 v0000014c751ae450_0, 0;
    %pushi/vec4 0, 0, 8;
    %assign/vec4 v0000014c751ae4f0_0, 0;
    %pushi/vec4 0, 0, 8;
    %assign/vec4 v0000014c751ad9b0_0, 0;
    %jmp T_9.1;
T_9.0 ;
    %load/vec4 v0000014c751ad5f0_0;
    %pad/u 16;
    %load/vec4 v0000014c751acfb0_0;
    %pad/u 16;
    %mul;
    %load/vec4 v0000014c751ae450_0;
    %add;
    %assign/vec4 v0000014c751ae450_0, 0;
    %load/vec4 v0000014c751acfb0_0;
    %assign/vec4 v0000014c751ae4f0_0, 0;
    %load/vec4 v0000014c751ad5f0_0;
    %assign/vec4 v0000014c751ad9b0_0, 0;
T_9.1 ;
    %jmp T_9;
    .thread T_9;
    .scope S_0000014c751b1880;
T_10 ;
    %wait E_0000014c75152e90;
    %load/vec4 v0000014c751ad870_0;
    %flag_set/vec4 8;
    %jmp/0xz  T_10.0, 8;
    %pushi/vec4 0, 0, 16;
    %assign/vec4 v0000014c751adc30_0, 0;
    %pushi/vec4 0, 0, 8;
    %assign/vec4 v0000014c751acf10_0, 0;
    %pushi/vec4 0, 0, 8;
    %assign/vec4 v0000014c751acb50_0, 0;
    %jmp T_10.1;
T_10.0 ;
    %load/vec4 v0000014c751ad190_0;
    %pad/u 16;
    %load/vec4 v0000014c751ae590_0;
    %pad/u 16;
    %mul;
    %load/vec4 v0000014c751adc30_0;
    %add;
    %assign/vec4 v0000014c751adc30_0, 0;
    %load/vec4 v0000014c751ae590_0;
    %assign/vec4 v0000014c751acf10_0, 0;
    %load/vec4 v0000014c751ad190_0;
    %assign/vec4 v0000014c751acb50_0, 0;
T_10.1 ;
    %jmp T_10;
    .thread T_10;
    .scope S_0000014c75046950;
T_11 ;
    %wait E_0000014c75152e90;
    %load/vec4 v0000014c7514ba70_0;
    %flag_set/vec4 8;
    %jmp/0xz  T_11.0, 8;
    %pushi/vec4 0, 0, 16;
    %assign/vec4 v0000014c7514b9d0_0, 0;
    %pushi/vec4 0, 0, 8;
    %assign/vec4 v0000014c7514b570_0, 0;
    %pushi/vec4 0, 0, 8;
    %assign/vec4 v0000014c7514b6b0_0, 0;
    %jmp T_11.1;
T_11.0 ;
    %load/vec4 v0000014c7514b1b0_0;
    %pad/u 16;
    %load/vec4 v0000014c7514b4d0_0;
    %pad/u 16;
    %mul;
    %load/vec4 v0000014c7514b9d0_0;
    %add;
    %assign/vec4 v0000014c7514b9d0_0, 0;
    %load/vec4 v0000014c7514b4d0_0;
    %assign/vec4 v0000014c7514b570_0, 0;
    %load/vec4 v0000014c7514b1b0_0;
    %assign/vec4 v0000014c7514b6b0_0, 0;
T_11.1 ;
    %jmp T_11;
    .thread T_11;
    .scope S_0000014c75046ae0;
T_12 ;
    %wait E_0000014c75152e90;
    %load/vec4 v0000014c751a7eb0_0;
    %flag_set/vec4 8;
    %jmp/0xz  T_12.0, 8;
    %pushi/vec4 0, 0, 16;
    %assign/vec4 v0000014c751a90d0_0, 0;
    %pushi/vec4 0, 0, 8;
    %assign/vec4 v0000014c7514ae90_0, 0;
    %pushi/vec4 0, 0, 8;
    %assign/vec4 v0000014c751a9850_0, 0;
    %jmp T_12.1;
T_12.0 ;
    %load/vec4 v0000014c7514ad50_0;
    %pad/u 16;
    %load/vec4 v0000014c7514adf0_0;
    %pad/u 16;
    %mul;
    %load/vec4 v0000014c751a90d0_0;
    %add;
    %assign/vec4 v0000014c751a90d0_0, 0;
    %load/vec4 v0000014c7514adf0_0;
    %assign/vec4 v0000014c7514ae90_0, 0;
    %load/vec4 v0000014c7514ad50_0;
    %assign/vec4 v0000014c751a9850_0, 0;
T_12.1 ;
    %jmp T_12;
    .thread T_12;
    .scope S_0000014c751a9d30;
T_13 ;
    %wait E_0000014c75152e90;
    %load/vec4 v0000014c751a9530_0;
    %flag_set/vec4 8;
    %jmp/0xz  T_13.0, 8;
    %pushi/vec4 0, 0, 16;
    %assign/vec4 v0000014c751a86d0_0, 0;
    %pushi/vec4 0, 0, 8;
    %assign/vec4 v0000014c751a92b0_0, 0;
    %pushi/vec4 0, 0, 8;
    %assign/vec4 v0000014c751a8630_0, 0;
    %jmp T_13.1;
T_13.0 ;
    %load/vec4 v0000014c751a8270_0;
    %pad/u 16;
    %load/vec4 v0000014c751a8c70_0;
    %pad/u 16;
    %mul;
    %load/vec4 v0000014c751a86d0_0;
    %add;
    %assign/vec4 v0000014c751a86d0_0, 0;
    %load/vec4 v0000014c751a8c70_0;
    %assign/vec4 v0000014c751a92b0_0, 0;
    %load/vec4 v0000014c751a8270_0;
    %assign/vec4 v0000014c751a8630_0, 0;
T_13.1 ;
    %jmp T_13;
    .thread T_13;
    .scope S_0000014c751abed0;
T_14 ;
    %wait E_0000014c75152e90;
    %load/vec4 v0000014c751a9990_0;
    %flag_set/vec4 8;
    %jmp/0xz  T_14.0, 8;
    %pushi/vec4 0, 0, 16;
    %assign/vec4 v0000014c751a9a30_0, 0;
    %pushi/vec4 0, 0, 8;
    %assign/vec4 v0000014c751a8310_0, 0;
    %pushi/vec4 0, 0, 8;
    %assign/vec4 v0000014c751a95d0_0, 0;
    %jmp T_14.1;
T_14.0 ;
    %load/vec4 v0000014c751a8d10_0;
    %pad/u 16;
    %load/vec4 v0000014c751a9b70_0;
    %pad/u 16;
    %mul;
    %load/vec4 v0000014c751a9a30_0;
    %add;
    %assign/vec4 v0000014c751a9a30_0, 0;
    %load/vec4 v0000014c751a9b70_0;
    %assign/vec4 v0000014c751a8310_0, 0;
    %load/vec4 v0000014c751a8d10_0;
    %assign/vec4 v0000014c751a95d0_0, 0;
T_14.1 ;
    %jmp T_14;
    .thread T_14;
    .scope S_0000014c751ac060;
T_15 ;
    %wait E_0000014c75152e90;
    %load/vec4 v0000014c751a9710_0;
    %flag_set/vec4 8;
    %jmp/0xz  T_15.0, 8;
    %pushi/vec4 0, 0, 16;
    %assign/vec4 v0000014c751a9490_0, 0;
    %pushi/vec4 0, 0, 8;
    %assign/vec4 v0000014c751a9670_0, 0;
    %pushi/vec4 0, 0, 8;
    %assign/vec4 v0000014c751a8db0_0, 0;
    %jmp T_15.1;
T_15.0 ;
    %load/vec4 v0000014c751a88b0_0;
    %pad/u 16;
    %load/vec4 v0000014c751a8450_0;
    %pad/u 16;
    %mul;
    %load/vec4 v0000014c751a9490_0;
    %add;
    %assign/vec4 v0000014c751a9490_0, 0;
    %load/vec4 v0000014c751a8450_0;
    %assign/vec4 v0000014c751a9670_0, 0;
    %load/vec4 v0000014c751a88b0_0;
    %assign/vec4 v0000014c751a8db0_0, 0;
T_15.1 ;
    %jmp T_15;
    .thread T_15;
    .scope S_0000014c75143610;
T_16 ;
    %wait E_0000014c75152e90;
    %load/vec4 v0000014c751b2aa0_0;
    %flag_set/vec4 8;
    %jmp/0xz  T_16.0, 8;
    %pushi/vec4 0, 0, 1;
    %assign/vec4 v0000014c751ad230_0, 0;
    %pushi/vec4 0, 0, 4;
    %assign/vec4 v0000014c751ae1d0_0, 0;
    %jmp T_16.1;
T_16.0 ;
    %load/vec4 v0000014c751ae1d0_0;
    %pad/u 32;
    %cmpi/e 9, 0, 32;
    %jmp/0xz  T_16.2, 4;
    %pushi/vec4 1, 0, 1;
    %assign/vec4 v0000014c751ad230_0, 0;
    %pushi/vec4 0, 0, 4;
    %assign/vec4 v0000014c751ae1d0_0, 0;
    %jmp T_16.3;
T_16.2 ;
    %pushi/vec4 0, 0, 1;
    %assign/vec4 v0000014c751ad230_0, 0;
    %load/vec4 v0000014c751ae1d0_0;
    %addi 1, 0, 4;
    %assign/vec4 v0000014c751ae1d0_0, 0;
T_16.3 ;
T_16.1 ;
    %jmp T_16;
    .thread T_16;
    .scope S_0000014c75143480;
T_17 ;
    %delay 3, 0;
    %pushi/vec4 3, 0, 8;
    %assign/vec4 v0000014c751b5fb0_0, 0;
    %pushi/vec4 12, 0, 8;
    %assign/vec4 v0000014c751b2e60_0, 0;
    %delay 10, 0;
    %pushi/vec4 2, 0, 8;
    %assign/vec4 v0000014c751b5fb0_0, 0;
    %pushi/vec4 8, 0, 8;
    %assign/vec4 v0000014c751b2e60_0, 0;
    %delay 10, 0;
    %pushi/vec4 1, 0, 8;
    %assign/vec4 v0000014c751b5fb0_0, 0;
    %pushi/vec4 4, 0, 8;
    %assign/vec4 v0000014c751b2e60_0, 0;
    %delay 10, 0;
    %pushi/vec4 0, 0, 8;
    %assign/vec4 v0000014c751b5fb0_0, 0;
    %pushi/vec4 0, 0, 8;
    %assign/vec4 v0000014c751b2e60_0, 0;
    %end;
    .thread T_17;
    .scope S_0000014c75143480;
T_18 ;
    %delay 3, 0;
    %pushi/vec4 0, 0, 8;
    %assign/vec4 v0000014c751b5830_0, 0;
    %pushi/vec4 0, 0, 8;
    %assign/vec4 v0000014c751b6370_0, 0;
    %delay 10, 0;
    %pushi/vec4 7, 0, 8;
    %assign/vec4 v0000014c751b5830_0, 0;
    %pushi/vec4 13, 0, 8;
    %assign/vec4 v0000014c751b6370_0, 0;
    %delay 10, 0;
    %pushi/vec4 6, 0, 8;
    %assign/vec4 v0000014c751b5830_0, 0;
    %pushi/vec4 9, 0, 8;
    %assign/vec4 v0000014c751b6370_0, 0;
    %delay 10, 0;
    %pushi/vec4 5, 0, 8;
    %assign/vec4 v0000014c751b5830_0, 0;
    %pushi/vec4 5, 0, 8;
    %assign/vec4 v0000014c751b6370_0, 0;
    %delay 10, 0;
    %pushi/vec4 4, 0, 8;
    %assign/vec4 v0000014c751b5830_0, 0;
    %pushi/vec4 1, 0, 8;
    %assign/vec4 v0000014c751b6370_0, 0;
    %delay 10, 0;
    %pushi/vec4 0, 0, 8;
    %assign/vec4 v0000014c751b5830_0, 0;
    %pushi/vec4 0, 0, 8;
    %assign/vec4 v0000014c751b6370_0, 0;
    %end;
    .thread T_18;
    .scope S_0000014c75143480;
T_19 ;
    %delay 3, 0;
    %pushi/vec4 0, 0, 8;
    %assign/vec4 v0000014c751b5790_0, 0;
    %pushi/vec4 0, 0, 8;
    %assign/vec4 v0000014c751b6050_0, 0;
    %delay 10, 0;
    %pushi/vec4 0, 0, 8;
    %assign/vec4 v0000014c751b5790_0, 0;
    %pushi/vec4 0, 0, 8;
    %assign/vec4 v0000014c751b6050_0, 0;
    %delay 10, 0;
    %pushi/vec4 11, 0, 8;
    %assign/vec4 v0000014c751b5790_0, 0;
    %pushi/vec4 14, 0, 8;
    %assign/vec4 v0000014c751b6050_0, 0;
    %delay 10, 0;
    %pushi/vec4 10, 0, 8;
    %assign/vec4 v0000014c751b5790_0, 0;
    %pushi/vec4 10, 0, 8;
    %assign/vec4 v0000014c751b6050_0, 0;
    %delay 10, 0;
    %pushi/vec4 9, 0, 8;
    %assign/vec4 v0000014c751b5790_0, 0;
    %pushi/vec4 6, 0, 8;
    %assign/vec4 v0000014c751b6050_0, 0;
    %delay 10, 0;
    %pushi/vec4 8, 0, 8;
    %assign/vec4 v0000014c751b5790_0, 0;
    %pushi/vec4 2, 0, 8;
    %assign/vec4 v0000014c751b6050_0, 0;
    %delay 10, 0;
    %pushi/vec4 0, 0, 8;
    %assign/vec4 v0000014c751b5790_0, 0;
    %pushi/vec4 0, 0, 8;
    %assign/vec4 v0000014c751b6050_0, 0;
    %end;
    .thread T_19;
    .scope S_0000014c75143480;
T_20 ;
    %delay 3, 0;
    %pushi/vec4 0, 0, 8;
    %assign/vec4 v0000014c751b53d0_0, 0;
    %pushi/vec4 0, 0, 8;
    %assign/vec4 v0000014c751b6410_0, 0;
    %delay 10, 0;
    %pushi/vec4 0, 0, 8;
    %assign/vec4 v0000014c751b53d0_0, 0;
    %pushi/vec4 0, 0, 8;
    %assign/vec4 v0000014c751b6410_0, 0;
    %delay 10, 0;
    %pushi/vec4 0, 0, 8;
    %assign/vec4 v0000014c751b53d0_0, 0;
    %pushi/vec4 0, 0, 8;
    %assign/vec4 v0000014c751b6410_0, 0;
    %delay 10, 0;
    %pushi/vec4 15, 0, 8;
    %assign/vec4 v0000014c751b53d0_0, 0;
    %pushi/vec4 15, 0, 8;
    %assign/vec4 v0000014c751b6410_0, 0;
    %delay 10, 0;
    %pushi/vec4 14, 0, 8;
    %assign/vec4 v0000014c751b53d0_0, 0;
    %pushi/vec4 11, 0, 8;
    %assign/vec4 v0000014c751b6410_0, 0;
    %delay 10, 0;
    %pushi/vec4 13, 0, 8;
    %assign/vec4 v0000014c751b53d0_0, 0;
    %pushi/vec4 7, 0, 8;
    %assign/vec4 v0000014c751b6410_0, 0;
    %delay 10, 0;
    %pushi/vec4 12, 0, 8;
    %assign/vec4 v0000014c751b53d0_0, 0;
    %pushi/vec4 3, 0, 8;
    %assign/vec4 v0000014c751b6410_0, 0;
    %delay 10, 0;
    %pushi/vec4 0, 0, 8;
    %assign/vec4 v0000014c751b53d0_0, 0;
    %pushi/vec4 0, 0, 8;
    %assign/vec4 v0000014c751b6410_0, 0;
    %end;
    .thread T_20;
    .scope S_0000014c75143480;
T_21 ;
    %pushi/vec4 0, 0, 8;
    %store/vec4 v0000014c751b5fb0_0, 0, 8;
    %pushi/vec4 0, 0, 8;
    %store/vec4 v0000014c751b5830_0, 0, 8;
    %pushi/vec4 0, 0, 8;
    %store/vec4 v0000014c751b5790_0, 0, 8;
    %pushi/vec4 0, 0, 8;
    %store/vec4 v0000014c751b53d0_0, 0, 8;
    %pushi/vec4 0, 0, 8;
    %store/vec4 v0000014c751b2e60_0, 0, 8;
    %pushi/vec4 0, 0, 8;
    %store/vec4 v0000014c751b6370_0, 0, 8;
    %pushi/vec4 0, 0, 8;
    %store/vec4 v0000014c751b6050_0, 0, 8;
    %pushi/vec4 0, 0, 8;
    %store/vec4 v0000014c751b6410_0, 0, 8;
    %pushi/vec4 1, 0, 1;
    %assign/vec4 v0000014c751b51f0_0, 0;
    %pushi/vec4 0, 0, 1;
    %assign/vec4 v0000014c751b2b40_0, 0;
    %delay 3, 0;
    %pushi/vec4 0, 0, 1;
    %assign/vec4 v0000014c751b51f0_0, 0;
    %end;
    .thread T_21;
    .scope S_0000014c75143480;
T_22 ;
T_22.0 ;
    %delay 5, 0;
    %load/vec4 v0000014c751b2b40_0;
    %inv;
    %store/vec4 v0000014c751b2b40_0, 0, 1;
    %jmp T_22.0;
    %end;
    .thread T_22;
    .scope S_0000014c75143480;
T_23 ;
    %vpi_call 2 144 "$dumpfile", "tb_wave.vcd" {0 0 0};
    %vpi_call 2 145 "$dumpvars", 32'sb00000000000000000000000000000000, S_0000014c75143480 {0 0 0};
    %end;
    .thread T_23;
    .scope S_0000014c75143480;
T_24 ;
    %delay 200, 0;
    %vpi_call 2 148 "$finish" {0 0 0};
    %end;
    .thread T_24;
# The file index is used to find the file name in the following table.
:file_names 5;
    "N/A";
    "<interactive>";
    "tb_systolic_array.v";
    "./systolic_array.v";
    "./pe.v";
